1015,false,null,{"program":"def getFileObject(inputPath):\n  print(\"Ysadf\")\n\ndef main():\n  getFileObject(\"/sakdflgndksflg/\")\n\nif __name__ = \"__main__\":\n  main()"}
1015,false,null,{"program":"def getFileObject(inputPath):\n  print(\"Ysadf\")\n\ndef main():\n  getFileObject(\"/sakdflgndksflg/\")\n\nif __name__ == \"__main__\":\n  main()"}
1015,false,null,{"program":"def getFileObject(inputPath):\n  firstPart = inputPath[0:8]\n  if (firstPart == \"/safedir/\"):\n    return open(inputPath)\n  else:\n    return null\n    \n\ndef main():\n  getFileObject(\"/safedir/test.txt\")\n\nif __name__ == \"__main__\":\n  main()"}
1015,false,null,{"program":"def getFileObject(inputPath):\n  firstPart = inputPath[0:8]\n  if (firstPart == \"/safedir/\"):\n    return open(inputPath);\n    \n\ndef main():\n  getFileObject(\"/safedir/test.txt\")\n\nif __name__ == \"__main__\":\n  main()"}
1015,false,null,{"program":"def getFileObject(inputPath):\n  firstPart = inputPath[0:8]\n  if (firstPart == \"/safedir/\"):\n    return open(inputPath)\n    print(\"Made it\")\n    \n\ndef main():\n  getFileObject(\"/safedir/test.txt\")\n\nif __name__ == \"__main__\":\n  main()"}
1015,false,null,{"program":"def getFileObject(inputPath):\n  firstPart = inputPath[0:8]\n  if (firstPart == \"/safedir/\"):\n    return open(inputPath)\n    print(\"Made it\")\n    \n\ndef main():\n  getFileObject(\"/safedir/test.txt\")\n\nif __name__ == \"__main__\":\n  main()"}
1015,false,null,{"program":"def getFileObject(inputPath):\n  firstPart = inputPath[0:8]\n  if (firstPart == \"/safedir/\"):\n    return open(inputPath)\n    print(\"Made it\")\n    \n\ndef main():\n  getFileObject(\"/safedir/test.txt\")\n\nif __name__ == \"__main__\":\n  main()"}
1015,false,null,{"program":"def getFileObject(inputPath):\n  firstPart = inputPath[0:8]\n  if (firstPart == \"/safedir/\"):\n    return open(inputPath)\n    print(\"Made it\")\n    \n\ndef main():\n  getFileObject(\"/safedir/test.txt\")\n\nif __name__ == \"__main__\":\n  main()"}
1015,false,null,{"program":"def getFileObject(inputPath):\n  firstPart = inputPath[0:8]\n  if (firstPart == \"/safedir/\"):\n    return open(inputPath)\n    print(\"Made it\")\n    \n\ndef main():\n  getFileObject(\"/safedir/test.txt\")\n\nif __name__ == \"__main__\":\n  main()"}
1015,false,null,{"program":"def getFileObject(inputPath):\n  firstPart = inputPath[0:8]\n  if (firstPart == \"/safedir/\"):\n    return open(inputPath)\n    print(\"Made it\")\n    \n\ndef main():\n  getFileObject(\"/safedir/test.txt\")\n\nif __name__ == \"__main__\":\n  main()"}
1015,false,null,{"program":"def getFileObject(inputPath):\n  firstPart = inputPath[0:8]\n  if (firstPart == \"/safedir/\"):\n    return open(inputPath)\n    print(\"Made it\")\n    \n\ndef main():\n  getFileObject(\"/safedir/test.txt\")\n\nif __name__ == \"__main__\":\n  main()"}
1015,false,null,{"program":"def getFileObject(inputPath):\n  firstPart = inputPath[0:8]\n  if (firstPart == \"/safedir/\"):\n    return open(inputPath)\n    print(\"Made it\")\n    \n\ndef main():\n  getFileObject(\"/safedir/test.txt\")\n\nif __name__ == \"__main__\":\n  main()"}
1015,false,null,{"program":"def getFileObject(inputPath):\n  firstPart = inputPath[0:8]\n  if (firstPart == \"/safedir/\"):\n    return open(inputPath)\n    print(\"Made it\")\n    \n\ndef main():\n  getFileObject(\"/safedir/test.txt\")\n\nif __name__ == \"__main__\":\n  main()"}
1015,false,null,{"program":"def getFileObject(inputPath):\n  firstPart = inputPath[0:8]\n  if (firstPart == \"/safedir/\"):\n    return open(inputPath)\n    print(\"Made it\")\n    \n\ndef main():\n  getFileObject(\"/safedir/test.txt\")\n\nif __name__ == \"__main__\":\n  main()"}
1015,false,null,{"program":"def getFileObject(inputPath):\n  firstPart = inputPath[0:8]\n  if (firstPart == \"/safedir/\"):\n    return open(inputPath)\n    print(\"Made it\")\n    \n\ndef main():\n  getFileObject(\"/safedir/test.txt\")\n\nif __name__ == \"__main__\":\n  main()"}
1015,false,null,{"program":"def getFileObject(inputPath):\n  firstPart = inputPath[0:8]\n  if (firstPart == \"/safedir/\"):\n    return open(inputPath)\n    print(\"Made it\")\n    \n\ndef main():\n  getFileObject(\"/safedir/test.txt\")\n\nif __name__ == \"__main__\":\n  main()"}
1015,false,null,{"program":"def getFileObject(inputPath):\n  firstPart = inputPath[0:8]\n  if (firstPart == \"/safedir/\"):\n    print(\"Made it\")\n    return open(inputPath)\n    \n    \n\ndef main():\n  getFileObject(\"/safedir/test.txt\")\n\nif __name__ == \"__main__\":\n  main()"}
1015,false,null,{"program":"def getFileObject(inputPath):\n  firstPart = inputPath[0:8]\n  if (firstPart == \"/safedir/\"):\n    print(\"Made it\")\n    return open(inputPath)\n    \n    \n\ndef main():\n  getFileObject(\"/safedir/test.txt\")\n\nif __name__ == \"__main__\":\n  main()"}
1015,false,null,{"program":"def getFileObject(inputPath):\n  firstPart = inputPath[0:8]\n  if (firstPart == \"/safedir/\"):\n    print(\"Made it\")\n    return open(inputPath)\n    \n    \n\ndef main():\n  getFileObject(\"/safedir/test.txt\")\n\nif __name__ == \"__main__\":\n  main()"}
1015,false,null,{"program":"def getFileObject(inputPath):\n  firstPart = inputPath[0:8]\n  print(firstPart)\n  if (firstPart == \"/safedir/\"):\n    print(\"Made it\")\n    return open(inputPath)\n    \n    \n\ndef main():\n  getFileObject(\"/safedir/test.txt\")\n\nif __name__ == \"__main__\":\n  main()"}
1015,false,null,{"program":"def getFileObject(inputPath):\n  firstPart = inputPath[0:9]\n  print(firstPart)\n  if (firstPart == \"/safedir/\"):\n    print(\"Made it\")\n    return open(inputPath)\n    \n    \n\ndef main():\n  getFileObject(\"/safedir/test.txt\")\n\nif __name__ == \"__main__\":\n  main()"}
1015,false,null,{"program":"def getFileObject(inputPath):\n  firstPart = inputPath[0:9]\n  print(firstPart)\n  if (firstPart == \"/safedir/\"):\n    print(\"Made it\")\n    return open(inputPath)\n    \n    \n\ndef main():\n  getFileObject(\"/safedir/test.txt\")\n\nif __name__ == \"__main__\":\n  main()"}
1015,false,null,{"program":"def getFileObject(inputPath):\n  firstPart = inputPath[0:9]\n  if (firstPart == \"/safedir/\"):\n    return open(inputPath)\n    \n    \n\ndef main():\n  getFileObject(\"/safedir/test.txt\")\n\nif __name__ == \"__main__\":\n  main()"}
