1027,false,null,{"program":"#inlcude <stdio.h)\n\nint main(){\n\nprintf(\"hello\");\n\nreturn 0;\n\n}"}
1027,false,null,{"program":"#inlcude <stdio.h>\n\nint main(){\n\nprintf(\"hello\");\n\nreturn 0;\n\n}"}
1027,false,null,{"program":"#include <stdio.h>\n\nint main(){\n\nprintf(\"hello\");\n\nreturn 0;\n\n}"}
1027,false,null,{"program":"#include <stdio.h>\n\nchar[] stringRep(int number);\n\nint main(){\n\n  int a = 7000000;\n  printf(stringRep(a));\n\nreturn 0;\n\n}\n\nchar[] stringRep(int number){\n\n  char []str = sprintf(number);\n  return str;\n\n}"}
1027,false,null,{"program":"#include <stdio.h>\n\nchar[] stringRep(int number);\n\nint main(){\n\n  int a = 7000000;\n  printf(stringRep(a));\n\nreturn 0;\n\n}\n\nchar[] stringRep(int number){\n\n  char []str = sprintf(number);\n  return str;\n\n}"}
1027,false,null,{"program":"#include <stdio.h>\n\nchar[] stringRep(int number);\n\nint main(){\n\n  printf(5);\n  int a = 7000000;\n  printf(stringRep(a));\n\nreturn 0;\n\n}\n\nchar[] stringRep(int number){\n\n  char []str = sprintf(number);\n  return str;\n\n}"}
1027,false,null,{"program":"#include <stdio.h>\n\nchar[] stringRep(int number);\n\nint main(){\n\n  \n  int a = 7000000;\n  printf(\"%s\", stringRep(a));\n\nreturn 0;\n\n}\n\nchar[] stringRep(int number){\n\n  char []str = sprintf(number);\n  return str;\n\n}"}
1027,false,null,{"program":"#include <stdio.h>\n\nchar[] stringRep(int number);\n\nint main(){\n\n  \n  int a = 7000000;\n  printf(\"%s\", stringRep(a));\n\nreturn 0;\n\n}\n\nchar[] stringRep(int number){\n\n  char []str = sprintf(number);\n  return str;\n\n}"}
1027,false,null,{"program":"#include <stdio.h>\n\nchar[] stringRep(int number);\n\nint main(){\n\n  \n  int a = 7000000;\n  printf(\"%s\", stringRep(a));\n\nreturn 0;\n\n}\n\nchar[] stringRep(int number){\n\n  char []str = sprintf(number);\n  return str;\n\n}"}
1027,false,null,{"program":"#include <stdio.h>\n\nchar[] stringRep(int number);\n\nint main(){\n\n  \n  int a = 7000000;\n  printf(\"%s\", stringRep(a));\n\nreturn 0;\n\n}\n\nchar[] stringRep(int number){\n\n  char []str = sprintf(number);\n  return str;\n\n}"}
1027,false,null,{"program":"#include <stdio.h>\n\nchar* stringRep(int number);\n\nint main(){\n\n  \n  int a = 7000000;\n  printf(\"%s\", stringRep(a));\n\nreturn 0;\n\n}\n\nchar[] stringRep(int number){\n\n  char []str = sprintf(number);\n  return str;\n\n}"}
1027,false,null,{"program":"#include <stdio.h>\n\nchar* stringRep(int number);\n\nint main(){\n\n  \n  int a = 7000000;\n  printf(\"%s\", stringRep(a));\n\nreturn 0;\n\n}\n\nchar* stringRep(int number){\n\n  char* str = sprintf(number);\n  return str;\n\n}"}
1027,false,null,{"program":"#include <stdio.h>\n\nchar* stringRep(int number);\n\nint main(){\n\n  \n  int a = 7000000;\n  printf(\"%s\", stringRep(a));\n\nreturn 0;\n\n}\n\nchar* stringRep(int number){\n\n  char* str = sprintf(\"%d\", number);\n  return str;\n\n}"}
1027,false,null,{"program":"#include <stdio.h>\n\nchar* stringRep(int number);\n\nint main(){\n\n  int a = 500;\n  char snum[10];\n  itoa(a, snum, 10);\n\nreturn 0;\n\n}\n\n"}
1027,false,null,{"program":"#include <stdio.h>\n\nchar* stringRep(int number);\n\nint main(){\n\n  int a = 500;\n  char snum[10];\n  sprintf(snum, \"%d\", a);\n\nreturn 0;\n\n}\n\n"}
1027,false,null,{"program":"#include <stdio.h>\n\nchar* stringRep(int number);\n\nint main(){\n\n  int a = 500;\n  char snum[10];\n  sprintf(snum, \"%d\", a);\n  printf(\"%s\", snum);\n\nreturn 0;\n\n}\n\n"}
1027,false,null,{"program":"#include <stdio.h>\n\nchar* stringRep(int number);\n\nint main(){\n\n  int a = 500;\n  char snum[100];\n  sprintf(snum, \"%d\", a);\n  printf(\"%s\", snum);\n\nreturn 0;\n\n}\n\n"}
1027,false,null,{"program":"#include <stdio.h>\n\nchar* stringRep(int number);\n\nint main(){\n\n  int a = 500;\n  snum = stringRep(a);\n  printf(\"%s\", snum);\n\nreturn 0;\n\n}\n\n\nchar* stringRep(int number){\n\n  int a = number;\n  char snum[100];\n  sprintf(snum, \"%d\", a);\n  return snum;\n\n}"}
1027,false,null,{"program":"#include <stdio.h>\n\nchar* stringRep(int number);\n\nint main(){\n\n  int a = 400;\n  snum = stringRep(a);\n  printf(\"%s\", snum);\n\nreturn 0;\n\n}\n\n\nchar* stringRep(int number){\n\n  int a = number;\n  char snum[100];\n  sprintf(snum, \"%d\", a);\n  return snum;\n\n}"}
1027,false,null,{"program":"#include <stdio.h>\n\nchar* stringRep(int number);\n\nint main(){\n\n  int a = 400;\n  snum = stringRep(a);\n  printf(\"%s\", snum);\n\nreturn 0;\n\n}\n\n\nchar* stringRep(int number){\n\n  int a = number;\n  char snum[100];\n  sprintf(snum, \"%d\", a);\n  return snum;\n\n}"}
1027,false,null,{"program":"#include <stdio.h>\n\nstring itos(int i);\n\nint main(){\n\n  int a = 400;\n  \n  string itos(a);\n\nreturn 0;\n\n}\n\n\nstring itos(int i)\n{\n    stringstream s;\n    s << i;\n    return s.str();\n}\n"}
1027,false,null,{"program":"#include <stdio.h>\n\nint convert(int i);\n\nint main(){\n\n  int a = 400;\n  convert(a);\n  \n\nreturn 0;\n\n}\n\n\nint convert(int i){\n  \n  setlocale(LC_NUMERIC, \"\");\n  printf(\"%'d\\n\", i);\n  return 0;\n   \n\n\n}\n"}
