1043,false,null,{"program":"String num_to_string(int x){\n  cin >> x;\n  cout << num_to_string(x) << endl;\n  return 0;\n}\nnum_to_string(12345);"}
1043,false,null,{"program":"String num_to_string(int x) {\n  String s = (String) x;\n  \n  \n  \n  return s;\n}\n\nint main(){\n  num_to_string(7000000);\n}\n"}
1043,false,null,{"program":"char[] num_to_string(int num) {\n  char snum[100];\n  itoa(num, snum, 10);\n  \n  return snum;\n}\n\nint main(){\n  num_to_string(7000000);\n}\n"}
1043,false,null,{"program":"const char* num_to_string(int num) {\n  char snum[100];\n  itoa(num, snum, 10);\n  \n  return snum;\n}\n\nint main(){\n  num_to_string(7000000);\n}\n"}
1043,false,null,{"program":"const char* num_to_string(int num) {\n  char snum[100];\n  itoa(num, snum, 10);\n  \n  return snum;\n}\n\nint main(){\n  num_to_string(7000000);\n}\n"}
1043,false,null,{"program":"const char* num_to_string(int num) {\n  char stringNum[20];\nsprintf(stringNum,\"%d\",num);\nreturn stringNum;\n}\n\nint main(){\n  num_to_string(7000000);\n}\n"}
1043,false,null,{"program":"const char* num_to_string(int num) {\n  char stringNum[20];\nsprintf(stringNum,\"%d\",num);\nreturn stringNum;\n}\n\nint main(){\n  printf(\"%s\",num_to_string(7000000));\n}\n"}
1043,false,null,{"program":"const char* num_to_string(int num) {\n  char stringNum[20];\n  sprintf(stringNum,\"%d\",num);\n  return stringNum;\n}\n\nint main(){\n  printf(\"%s\",num_to_string(7000000));\n}\n"}
1043,false,null,{"program":"const char* num_to_string(int num) {\n  char stringNum[20];\n  sprintf(stringNum,\"%d\",num);\n  return stringNum[0];\n}\n\nint main(){\n  printf(\"%s\",num_to_string(7000000));\n}\n"}
1043,false,null,{"program":"const char* num_to_string(int num) {\n  char stringNum[20];\n  sprintf(stringNum,\"%d\",num);\n  printf(\"%s\",stringNum);\n  return stringNum;\n}\n\nint main(){\n  printf(\"%s\",num_to_string(7000000));\n}\n"}
1043,false,null,{"program":"const char* num_to_string(int num) {\n  char stringNum[20];\n  sprintf(stringNum,\"%d\",num);\n  printf(\"%s\\n\",stringNum);\n  return stringNum;\n}\n\nint main(){\n  printf(\"%s\",num_to_string(7000000));\n}\n"}
1043,false,null,{"program":"/*const char* num_to_string(int num) {\n  char stringNum[20];\n  sprintf(stringNum,\"%d\",num);\n  printf(\"%s\\n\",stringNum);\n  return stringNum;\n}\n\nint main(){\n  printf(\"%s\",num_to_string(7000000));\n}\n*/\nconst char* myName() {\n  char name[6] = \"Flavio\";\n  return name;\n}\n\nint main(void) {\n  printf(\"%s\", myName());\n}"}
1043,false,null,{"program":"/*const char* num_to_string(int num) {\n  char stringNum[20];\n  sprintf(stringNum,\"%d\",num);\n  printf(\"%s\\n\",stringNum);\n  return stringNum;\n}\n\nint main(){\n  printf(\"%s\",num_to_string(7000000));\n}\n*/\nconst char* myName() {\n  char *name = \"Flavio\";\n  return name;\n}\n\nint main(void) {\n  printf(\"%s\", myName());\n}"}
1043,false,null,{"program":"const char* num_to_string(int num) {\n  char stringNum[20];\n  sprintf(stringNum,\"%d\",num);\n  printf(\"%s\\n\",stringNum);\n  char *ans = stringNum;\n  //return stringNum;\n  return ans;\n}\n\nint main(){\n  printf(\"%s\",num_to_string(7000000));\n}\n/*\nconst char* myName() {\n  char *name = \"Flavio\";\n  return name;\n}\n\nint main(void) {\n  printf(\"%s\", myName());\n}\n*/"}
1043,false,null,{"program":"const char* num_to_string(int num) {\n  char stringNum[20];\n  sprintf(stringNum,\"%d\",num);\n  printf(\"%s\\n\",stringNum);\n  char *ans = stringNum;\n  //return stringNum;\n  return ans;\n}\n\nint main(){\n  printf(\"%s\",num_to_string(7000000));\n}\n/*\nconst char* myName() {\n  char *name = \"Flavio\";\n  return name;\n}\n\nint main(void) {\n  printf(\"%s\", myName());\n}\n*/"}
1043,false,null,{"program":"const char* num_to_string(int num) {\n  char stringNum[20];\n  sprintf(stringNum,\"%d\",num);\n  printf(\"%s\\n\",stringNum);\n  char *ans = stringNum;\n  //return stringNum;\n  return ans;\n}\n\nint main(){\n  printf(\"%s\",num_to_string(7000000));\n}\n/*\nconst char* myName() {\n  char *name = \"Flavio\";\n  return name;\n}\n\nint main(void) {\n  printf(\"%s\", myName());\n}\n*/"}
1043,false,null,{"program":"const char* num_to_string(int num) {\n  char stringNum[20];\n  sprintf(stringNum,\"%d\",num);\n  printf(\"%s\\n\",stringNum);\n  char *ans = stringNum;\n  //return stringNum;\n  return ans;\n}\n\nint main(){\n  printf(\"%s\",num_to_string(7000000));\n}\n/*\nconst char* myName() {\n  char *name = \"Flavio\";\n  return name;\n}\n\nint main(void) {\n  printf(\"%s\", myName());\n}\n*/"}
1043,false,null,{"program":"const char* num_to_string(int num) {\n  char stringNum[20];\n  sprintf(stringNum,\"%d\",num);\n  printf(\"%s\\n\",stringNum);\n  char *ans = stringNum;\n  //return stringNum;\n  return ans;\n}\n\nint main(){\n  printf(\"%s\",num_to_string(7000000));\n}\n/*\nconst char* myName() {\n  char *name = \"Flavio\";\n  return name;\n}\n\nint main(void) {\n  printf(\"%s\", myName());\n}\n*/"}
1043,false,null,{"program":"const char* num_to_string(int num) {\n  char stringNum[20];\n  sprintf(stringNum,\"%d\",num);\n  printf(\"%s\\n\",stringNum);\n  char *ans = stringNum;\n  //return stringNum;\n  return ans;\n}\n\nint main(){\n  printf(\"%s\",num_to_string(7000000));\n}\n/*\nconst char* myName() {\n  char *name = \"Flavio\";\n  return name;\n}\n\nint main(void) {\n  printf(\"%s\", myName());\n}\n*/"}
1043,false,null,{"program":"const char* num_to_string(int num) {\n  char stringNum[20];\n  sprintf(stringNum,\"%d\",num);\n  printf(\"%s\\n\",stringNum);\n  char *ans = stringNum;\n  //return stringNum;\n  return ans;\n}\n\nint main(){\n  printf(\"%s\",num_to_string(7000000));\n}\n/*\nconst char* myName() {\n  char *name = \"Flavio\";\n  return name;\n}\n\nint main(void) {\n  printf(\"%s\", myName());\n}\n*/"}
1043,false,null,{"program":"const char* num_to_string(int num) {\n  char stringNum[20];\n  sprintf(stringNum,\"%d\",num);\n  //printf(\"%s\\n\",stringNum);\n  char *ans = stringNum;\n  //return stringNum;\n  return ans;\n}\n\nint main(){\n  printf(\"%s\",num_to_string(7000000));\n}\n/*\nconst char* myName() {\n  char *name = \"Flavio\";\n  return name;\n}\n\nint main(void) {\n  printf(\"%s\", myName());\n}\n*/"}
1043,false,null,{"program":"const char* num_to_string(int num) {\n  char stringNum[20];\n  sprintf(stringNum,\"%d\",num);\n  char *ans = stringNum;\n  return ans;\n}\n\nint main(){\n  printf(\"%s\",num_to_string(7000000));\n}"}
