1046,false,null,{"program":"public string ToString(int num)\n{\nreturn num.toString();\n}\nint main()\n{\nstring str= ToString();\nprintf(\"%s, str\");\n}"}
1046,false,null,{"program":"\npublic char* ToString(int num)\n{\nchar* temp;\nstrcpy(temp,num);\nreturn &temp;\n}\nint main()\n{\nchar* str= ToString(32);\nprintf(\"%s, str\");\n}"}
1046,false,null,{"program":"#include <string.h>\npublic char* ToString(int num)\n{\nchar* temp;\nstrcpy(temp,num);\nreturn &temp;\n}\nint main()\n{\nchar* str= ToString(32);\nprintf(\"%s, str\");\n}"}
1046,false,null,{"program":"#include <string.h>\npublic char* ToString(int num)\n{\nchar* temp;\nstrcpy(temp,num);\nreturn &temp;\n}\nint main()\n{\nchar* str= ToString(32);\nprintf(\"%s, str\");\n}"}
1046,false,null,{"program":"#include <string.h>\nchar* ToString(int num)\n{\nchar* temp;\nstrcpy(temp,num);\nreturn &temp;\n}\nint main()\n{\nchar* str= ToString(32);\nprintf(\"%s, str\");\n}"}
1046,false,null,{"program":"#include <string.h>\nchar* ToString(int num)\n{\nchar* temp;\nstrcpy(temp,num);\nreturn temp;\n}\nint main()\n{\nchar* str= ToString(32);\nprintf(\"%s, str\");\n}"}
1046,false,null,{"program":"void convert(&str, int num)\n{\nsprintf(str,\"%s\",num);\n}\nint main()\n{\nchar* str;\nint num = 7000;\nconvert(str,num);\nprintf(\"%s\",str);\n}"}
1046,false,null,{"program":"#include <stdio.h>\nvoid convert(&str, int num)\n{\nsprintf(str,\"%s\",num);\n}\nint main()\n{\nchar* str;\nint num = 7000;\nconvert(str,num);\nprintf(\"%s\",str);\n}"}
1046,false,null,{"program":"#include <stdio.h>\nstatic void convert(&str, int num)\n{\nsprintf(str,\"%s\",num);\n}\nint main()\n{\nchar* str;\nint num = 7000;\nconvert(str,num);\nprintf(\"%s\",str);\n}"}
1046,false,null,{"program":"#include <stdio.h>\nvoid convert(char* str, int num)\n{\nsprintf(str,\"%s\",num);\n}\nint main()\n{\nchar* str;\nint num = 7000;\nconvert(&str,num);\nprintf(\"%s\",str);\n}"}
1046,false,null,{"program":"#include <stdio.h>\nvoid convert(char* str, int num)\n{\nsprintf(str,\"%s\",num);\n}\nint main()\n{\nchar* str;\nint num = 7000;\nconvert(str,num);\nprintf(\"%s\",str);\n}"}
1046,false,null,{"program":"#include <stdio.h>\nvoid convert(char* str, int num)\n{\nsprintf(str,\"%d\",num);\n}\nint main()\n{\nchar* str;\nint num = 7000;\nconvert(str,num);\nprintf(\"%s\",str);\n}"}
1046,false,null,{"program":"#include <stdio.h>\nvoid convert(char* str, int num)\n{\nsprintf(str,\"%d\",num);\n}\nint main()\n{\nchar* str;\nint num = 7000;\nconvert(str,num);\nprintf(\"%s\",str);\nexit 0;\n}"}
1046,false,null,{"program":"#include <stdio.h>\nvoid convert(char* str, int num)\n{\nsprintf(str,\"%d\",num);\n}\nint main()\n{\nchar* str;\nint num = 7000;\nconvert(str,num);\n//printf(\"%s\",str);\n//exit 0;\n}"}
1046,false,null,{"program":"#include <stdio.h>\nvoid convert(char* str, int num)\n{\nsprintf(str,\"%d\",num);\n}\nint main()\n{\nchar* str;\nint num = 7000;\n//convert(str,num);\n//printf(\"%s\",str);\n//exit 0;\n}"}
1046,false,null,{"program":"#include <stdio.h>\nvoid convert(char* str, int num)\n{\n//sprintf(str,\"%d\",num);\n}\nint main()\n{\nchar* str;\nint num = 7000;\nconvert(str,num);\n//printf(\"%s\",str);\n//exit 0;\n}"}
1046,false,null,{"program":"#include <stdio.h>\nvoid convert(char* str, int num)\n{\n//sprintf(str,\"%d\",num);\n}\nint main()\n{\nchar* str;\nint num = 7000;\nconvert(str,num);\n//printf(\"%s\",str);\n//exit 0;\n}"}
1046,false,null,{"program":"#include <stdio.h>\n#include <stdlb.h>\nvoid convert(char* str, int num)\n{\n//sprintf(str,\"%d\",num);\n}\nint main()\n{\nchar* str;\nint num = 7000;\nconvert(str,num);\n//printf(\"%s\",str);\n//exit 0;\n}"}
1046,false,null,{"program":"#include <stdio.h>\n#include <stdlb.h>\nvoid convert(char* str, int num)\n{\nsprintf(str,\"%d\",num);\n}\nint main()\n{\nchar* str;\nint num = 7000;\nconvert(str,num);\n//printf(\"%s\",str);\n//exit 0;\n}"}
1046,false,null,{"program":"#include <stdio.h>\n#include <stdlb.h>\nvoid convert(char* str, int num)\n{\nsprintf(str,\"%d\",num);\n}\nint main()\n{\nchar* str;\nint num = 7000;\nconvert(str,num);\n//printf(\"%s\",str);\n//exit 0;\n}"}
1046,false,null,{"program":"#include <stdio.h>\n#include <stdlb.h>\nvoid convert(char* str, int num)\n{\nsprintf(str,\"%d\",num);\n}\nint main()\n{\nchar* str;\nint num = 7000;\nconvert(str,num);\n//printf(\"%s\",str);\n//exit 0;\n}"}
1046,false,null,{"program":"#include <stdio.h>\n#include <stdlb.h>\nvoid convert(char* str, int num)\n{\nsprintf(str,\"%d\",num);\n}\nint main()\n{\nchar* str;\nint num = 7000;\nconvert(str,num);\n//printf(\"%s\",str);\n//exit 0;\n}"}
1046,false,null,{"program":"#include <stdio.h>\n#include <stdlb.h>\nvoid convert(char* str, int num)\n{\nsprintf(str,\"%d\",num);\n}\nint main()\n{\nchar* str;\nint num = 7000;\nconvert(str,num);\nprintf(\"%s\",str);\n}\n//exit 0;\n"}
1046,false,null,{"program":"#include <stdio.h>\n#include <stdlb.h>\nvoid convert(char* str, int num)\n{\nsprintf(str,\"%d\",num);\n}\nint main()\n{\nchar* str;\nint num = 7000;\nconvert(str,num);\nprintf(\"%s\",str);\n}\n//exit 0;\n"}
1046,false,null,{"program":"#include <stdio.h>\n#include <stdlb.h>\nvoid convert(char str, int num)\n{\nsprintf(str,\"%d\",num);\n}\nint main()\n{\nchar* str;\nint num = 7000;\nconvert(&str,num);\nprintf(\"%s\",str);\n}\n//exit 0;\n"}
1046,false,null,{"program":"#include <stdio.h>\n#include <stdlb.h>\nvoid convert(char str, int num)\n{\nsprintf(str,\"%d\",num);\n}\nint main()\n{\nchar str;\nint num = 7000;\nconvert(&str,num);\nprintf(\"%s\",str);\n}\n//exit 0;\n"}
1046,false,null,{"program":"#include <stdio.h>\n#include <stdlb.h>\nvoid convert(char str, int num)\n{\nsprintf(str,\"%d\",num);\n}\nint main()\n{\nchar str;\nint num = 7000;\nconvert(&str,num);\nprintf(\"%s\",str);\n}\n//exit 0;\n"}
1046,false,null,{"program":"#include <stdio.h>\n//#include <stdlb.h>\nvoid convert(char str, int num)\n{\nsprintf(str,\"%d\",num);\n}\nint main()\n{\nchar str;\nint num = 7000;\nconvert(&str,num);\nprintf(\"%s\",str);\n}\n//exit 0;\n"}
1046,false,null,{"program":"#include <stdio.h>\n//#include <stdlb.h>\nvoid convert(char* str, int num)\n{\nsprintf(str,\"%d\",num);\n}\nint main()\n{\nchar* str;\nint num = 7000;\nconvert(&str,num);\nprintf(\"%s\",str);\n}\n//exit 0;\n"}
1046,false,null,{"program":"#include <stdio.h>\n//#include <stdlb.h>\nvoid convert(char* str, int num)\n{\nsprintf(str,\"%d\",num);\n}\nint main()\n{\nchar* str;\nint num = 7000;\nconvert(str,num);\nprintf(\"%s\",str);\n}\n//exit 0;\n"}
1046,false,null,{"program":"#include <stdio.h>\n//#include <stdlb.h>\nvoid convert(char* str, int num)\n{\nsprintf(str,\"%d\",num);\n}\nint main()\n{\nchar* str;\nint num = 7000;\nconvert(str,num);\nprintf(\"%s\",str);\n}\n//exit 0;\n"}
1046,false,null,{"program":"#include <stdio.h>\n//#include <stdlb.h>\nvoid convert(char* str, int num)\n{\nsprintf(str,\"%d\",num);\n}\nint main()\n{\nchar* str;\nint num = 7000;\nconvert(str,num);\nprintf(\"%s\",str);\n}\n//exit 0;\n"}
1046,false,null,{"program":"#include <stdio.h>\n//#include <stdlb.h>\nvoid convert(char* str, int num)\n{\nsprintf(str,\"%d\",num);\n}\nint main()\n{\nchar* str;\nint num = 7000;\nconvert(str,num);\nprintf(\"%s\",str);\n}\n//exit 0;\n"}
1046,false,null,{"program":"#include <stdio.h>\n//#include <stdlb.h>\nchar* convert (int num)\n{\nchar buf[10000];\nsnprintf(buf,\"%d\", num);\n\n}\nint main()\n{\n//char* str;\n//int num = 7000;\n//convert(str,num);\nprintf(\"%s\",convert(100));\n}\n//exit 0;\n"}
1046,false,null,{"program":"#include <stdio.h>\n//#include <stdlb.h>\nchar* convert (int num)\n{\nchar* buf[10000];\nsnprintf(buf,\"%d\", num);\n\n}\nint main()\n{\n//char* str;\n//int num = 7000;\n//convert(str,num);\nprintf(\"%s\",convert(100));\n}\n//exit 0;\n"}
1046,false,null,{"program":"#include <stdio.h>\n//#include <stdlb.h>\nchar convert (int num)\n{\nchar buf[10000];\nsnprintf(buf,\"%d\", num);\n\n}\nint main()\n{\n//char* str;\n//int num = 7000;\n//convert(str,num);\nprintf(\"%s\",convert(100));\n}\n//exit 0;\n"}
1046,false,null,{"program":"#include <stdio.h>\n//#include <stdlb.h>\nchar convert (int num)\n{\nchar buf[10000];\nsprintf(buf,\"%d\", num);\n\n}\nint main()\n{\n//char* str;\n//int num = 7000;\n//convert(str,num);\nprintf(\"%s\",convert(100));\n}\n//exit 0;\n"}
1046,false,null,{"program":"#include <stdio.h>\n//#include <stdlb.h>\nchar convert (int num)\n{\nchar buf[10000];\nsprintf(buf,\"%d\", num);\n\n}\nint main()\n{\n//char* str;\n//int num = 7000;\n//convert(str,num);\nprintf(\"%d\",convert(100));\n}\n//exit 0;\n"}
1046,false,null,{"program":"#include <stdio.h>\n//#include <stdlb.h>\nchar convert (int num)\n{\nchar buf[10000];\nsprintf(buf,\"%d\", num);\nreturn buf;\n}\nint main()\n{\n//char* str;\n//int num = 7000;\n//convert(str,num);\nprintf(\"%d\",convert(100));\n}\n//exit 0;\n"}
1046,false,null,{"program":"#include <stdio.h>\n//#include <stdlb.h>\nchar convert (int num)\n{\nchar buf[10000];\nsprintf(buf,\"%d\", num);\nreturn buf;\n}\nint main()\n{\n//char* str;\n//int num = 7000;\n//convert(str,num);\nprintf(\"%s\",convert(100));\n}\n//exit 0;\n"}
1046,false,null,{"program":"#include <stdio.h>\n//#include <stdlb.h>\nchar convert (int num)\n{\nchar* buf[10000];\nsprintf(buf,\"%d\", num);\nreturn buf;\n}\nint main()\n{\n//char* str;\n//int num = 7000;\n//convert(str,num);\nprintf(\"%s\",convert(100));\n}\n//exit 0;\n"}
1046,false,null,{"program":"#include <stdio.h>\n//#include <stdlb.h>\nchar convert (int num)\n{\nchar* buf[100];\nsnprintf(buf,100,\"%d\", num);\nreturn buf;\n}\nint main()\n{\n//char* str;\n//int num = 7000;\n//convert(str,num);\nprintf(\"%s\",convert(100));\n}\n//exit 0;\n"}
1046,false,null,{"program":"#include <stdio.h>\n//#include <stdlb.h>\nchar convert (int num)\n{\nchar buf[100];\nsnprintf(buf,100,\"%d\", num);\nreturn buf;\n}\nint main()\n{\n//char* str;\n//int num = 7000;\n//convert(str,num);\nprintf(\"%s\",convert(100));\n}\n//exit 0;\n"}
1046,false,null,{"program":"#include <stdio.h>\n//#include <stdlb.h>\nchar* convert (int num)\n{\nchar buf[100];\nsnprintf(buf,100,\"%d\", num);\nreturn buf;\n}\nint main()\n{\n//char* str;\n//int num = 7000;\n//convert(str,num);\nprintf(\"%s\",convert(100));\n}\n//exit 0;\n"}
1046,false,null,{"program":"#include <stdio.h>\n//#include <stdlb.h>\nchar* convert (int num)\n{\nchar buf[100];\nstrcpy(buf,\"\");\nsnprintf(buf,100,\"%d\", num);\nreturn buf;\n}\nint main()\n{\n//char* str;\n//int num = 7000;\n//convert(str,num);\nprintf(\"%s\",convert(100));\n}\n//exit 0;\n"}
1046,false,null,{"program":"#include <stdio.h>\n//#include <stdlb.h>\nchar* convert (int num)\n{\nchar buf[100];\nstrcpy(buf,\"\");\nsnprintf(buf,100,\"%d\", num);\nreturn buf;\n}\nint main()\n{\n//char* str;\n//int num = 7000;\n//convert(str,num);\nprintf(\"%s\",convert(100));\n}\n//exit 0;\n"}
1046,false,null,{"program":"#include <stdio.h>\n//#include <stdlb.h>\nchar* convert (int num)\n{\nchar buf[100];\nstrcpy(buf,\"\");\nsnprintf(buf,100,\"%d\", num);\nprintf(\"%s\",buf);\nreturn buf;\n}\nint main()\n{\n//char* str;\n//int num = 7000;\n//convert(str,num);\nprintf(\"%s\",convert(100));\n}\n//exit 0;\n"}
1046,false,null,{"program":"#include <stdio.h>\n//#include <stdlb.h>\nchar convert (int num)\n{\nchar buf[100];\nstrcpy(buf,\"\");\nsnprintf(buf,100,\"%d\", num);\nprintf(\"%s\",buf);\nreturn buf;\n}\nint main()\n{\n//char* str;\n//int num = 7000;\n//convert(str,num);\nprintf(\"%c\",convert(100));\n}\n//exit 0;\n"}
1046,false,null,{"program":"#include <stdio.h>\n//#include <stdlb.h>\nchar convert (int num)\n{\nchar buf[100];\nstrcpy(buf,\"\");\nsprintf(buf,\"%d\", num);\nprintf(\"%s\",buf);\nreturn buf;\n}\nint main()\n{\n//char* str;\n//int num = 7000;\n//convert(str,num);\nprintf(\"%c\",convert(100));\n}\n//exit 0;\n"}
